app/build/outputs/logs/manifest-merger-debug-report.txt
-- Merging decision tree log ---
manifest
ADDED from src/main/AndroidManifest.xml:2:1-89:12
	package
		ADDED from src/main/AndroidManifest.xml:3:5-44
		INJECTED from src/main/AndroidManifest.xml
		INJECTED from src/main/AndroidManifest.xml
	android:versionName
		INJECTED from src/main/AndroidManifest.xml
		INJECTED from src/main/AndroidManifest.xml
	xmlns:android
		ADDED from src/main/AndroidManifest.xml:2:11-69
	android:versionCode
		INJECTED from src/main/AndroidManifest.xml
		INJECTED from src/main/AndroidManifest.xml
uses-permission#android.permission.INTERNET
ADDED from src/main/AndroidManifest.xml:5:5-67
	android:name
		ADDED from src/main/AndroidManifest.xml:5:22-64
uses-permission#android.permission.ACCESS_NETWORK_STATE
ADDED from src/main/AndroidManifest.xml:6:5-79
	android:name
		ADDED from src/main/AndroidManifest.xml:6:22-76
application
ADDED from src/main/AndroidManifest.xml:8:5-87:19
MERGED from [com.android.support:appcompat-v7:23.1.0] AndroidManifest.xml:22:5-20
MERGED from [com.android.support:support-v4:23.1.0] AndroidManifest.xml:22:5-20
	android:label
		ADDED from src/main/AndroidManifest.xml:12:9-41
	android:allowBackup
		ADDED from src/main/AndroidManifest.xml:10:9-35
	android:icon
		ADDED from src/main/AndroidManifest.xml:11:9-43
	android:theme
		ADDED from src/main/AndroidManifest.xml:13:9-40
	android:name
		ADDED from src/main/AndroidManifest.xml:9:9-57
activity#com.epicodus.nationalfreedays.epicodus.ui.MainActivity
ADDED from src/main/AndroidManifest.xml:14:9-22:20
	android:label
		ADDED from src/main/AndroidManifest.xml:16:13-45
	android:name
		ADDED from src/main/AndroidManifest.xml:15:13-53
intent-filter#android.intent.action.MAIN+android.intent.category.LAUNCHER
ADDED from src/main/AndroidManifest.xml:17:13-21:29
action#android.intent.action.MAIN
ADDED from src/main/AndroidManifest.xml:18:17-69
	android:name
		ADDED from src/main/AndroidManifest.xml:18:25-66
category#android.intent.category.LAUNCHER
ADDED from src/main/AndroidManifest.xml:20:17-77
	android:name
		ADDED from src/main/AndroidManifest.xml:20:27-74
activity#com.epicodus.nationalfreedays.epicodus.ui.FreeDaysActivity
ADDED from src/main/AndroidManifest.xml:23:9-30:20
	android:label
		ADDED from src/main/AndroidManifest.xml:25:13-61
	android:parentActivityName
		ADDED from src/main/AndroidManifest.xml:26:13-67
	android:name
		ADDED from src/main/AndroidManifest.xml:24:13-57
meta-data#android.support.PARENT_ACTIVITY
ADDED from src/main/AndroidManifest.xml:27:13-29:61
	android:value
		ADDED from src/main/AndroidManifest.xml:29:17-58
	android:name
		ADDED from src/main/AndroidManifest.xml:28:17-63
activity#com.epicodus.nationalfreedays.epicodus.ui.FreeDaysActivity$NoteActivity
ADDED from src/main/AndroidManifest.xml:31:9-38:20
	android:label
		ADDED from src/main/AndroidManifest.xml:33:13-56
	android:parentActivityName
		ADDED from src/main/AndroidManifest.xml:34:13-67
	android:name
		ADDED from src/main/AndroidManifest.xml:32:13-70
meta-data#AA_DB_NAME
ADDED from src/main/AndroidManifest.xml:40:9-42:42
	android:value
		ADDED from src/main/AndroidManifest.xml:42:13-39
	android:name
		ADDED from src/main/AndroidManifest.xml:41:13-38
meta-data#AA_DB_VERSION
ADDED from src/main/AndroidManifest.xml:43:9-45:33
	android:value
		ADDED from src/main/AndroidManifest.xml:45:13-30
	android:name
		ADDED from src/main/AndroidManifest.xml:44:13-41
activity#com.epicodus.nationalfreedays.epicodus.ui.NoteActivity
ADDED from src/main/AndroidManifest.xml:47:9-54:20
	android:label
		ADDED from src/main/AndroidManifest.xml:49:13-56
	android:parentActivityName
		ADDED from src/main/AndroidManifest.xml:50:13-67
	android:name
		ADDED from src/main/AndroidManifest.xml:48:13-53
activity#com.epicodus.nationalfreedays.epicodus.ui.RegisterActivity
ADDED from src/main/AndroidManifest.xml:55:9-62:20
	android:label
		ADDED from src/main/AndroidManifest.xml:57:13-60
	android:parentActivityName
		ADDED from src/main/AndroidManifest.xml:58:13-67
	android:name
		ADDED from src/main/AndroidManifest.xml:56:13-57
activity#com.epicodus.nationalfreedays.epicodus.ui.CategoryActivity
ADDED from src/main/AndroidManifest.xml:63:9-70:20
	android:label
		ADDED from src/main/AndroidManifest.xml:65:13-60
	android:parentActivityName
		ADDED from src/main/AndroidManifest.xml:66:13-67
	android:name
		ADDED from src/main/AndroidManifest.xml:64:13-57
activity#com.epicodus.nationalfreedays.epicodus.ui.NewFreeDayActivity
ADDED from src/main/AndroidManifest.xml:71:9-78:20
	android:label
		ADDED from src/main/AndroidManifest.xml:73:13-64
	android:parentActivityName
		ADDED from src/main/AndroidManifest.xml:74:13-67
	android:name
		ADDED from src/main/AndroidManifest.xml:72:13-59
activity#com.epicodus.nationalfreedays.epicodus.ui.AddedFreeDayDisplayActivity
ADDED from src/main/AndroidManifest.xml:79:9-86:20
	android:label
		ADDED from src/main/AndroidManifest.xml:81:13-74
	android:parentActivityName
		ADDED from src/main/AndroidManifest.xml:82:13-67
	android:name
		ADDED from src/main/AndroidManifest.xml:80:13-68
uses-sdk
INJECTED from src/main/AndroidManifest.xml reason: use-sdk injection requested
MERGED from [com.android.support:appcompat-v7:23.1.0] AndroidManifest.xml:20:5-43
MERGED from [com.android.support:support-v4:23.1.0] AndroidManifest.xml:20:5-43
	android:targetSdkVersion
		INJECTED from src/main/AndroidManifest.xml
		INJECTED from src/main/AndroidManifest.xml
	android:minSdkVersion
		INJECTED from src/main/AndroidManifest.xml
		INJECTED from src/main/AndroidManifest.xml